<?xml version="1.0" encoding="UTF-8"?>
<!-- Generated by org.testng.reporters.JUnitReportReporter -->
<testsuite hostname="LAPTOP-94M9N0R5" failures="0" tests="3" name="testCases.ManageExpenseShowDetailsTestCases" time="16.032" errors="0" timestamp="2023-05-24T22:07:43 IST" skipped="0">
  <testcase classname="testCases.ManageExpenseShowDetailsTestCases" name="verifyViewMoreTitle" time="5.042"/>
  <system-out/>
  <testcase classname="testCases.ManageExpenseShowDetailsTestCases" name="verifyListExpenseTitle" time="6.420"/>
  <system-out/>
  <testcase classname="testCases.ManageExpenseShowDetailsTestCases" name="verifyAddExpenseText" time="4.570"/>
  <system-out/>
</testsuite> <!-- testCases.ManageExpenseShowDetailsTestCases -->
