<?xml version="1.0" encoding="UTF-8"?>
<!-- Generated by org.testng.reporters.JUnitReportReporter -->
<testsuite hostname="LAPTOP-94M9N0R5" failures="0" tests="1" name="testCases.ManageExpenseTestCases" time="6.320" errors="0" timestamp="2023-05-14T13:16:29 IST" skipped="0">
  <testcase classname="testCases.ManageExpenseTestCases" name="verifyAddExpenseText" time="6.320"/>
  <system-out/>
</testsuite> <!-- testCases.ManageExpenseTestCases -->
