<?xml version="1.0" encoding="UTF-8"?>
<!-- Generated by org.testng.reporters.JUnitReportReporter -->
<testsuite hostname="LAPTOP-94M9N0R5" failures="0" tests="1" name="testCases.ManageDeliveryBoyTestCases" time="9.304" errors="0" timestamp="2023-05-24T22:00:43 IST" skipped="0">
  <testcase classname="testCases.ManageDeliveryBoyTestCases" name="verifyAddDeliveryBoyAlertMessage" time="9.304"/>
  <system-out/>
</testsuite> <!-- testCases.ManageDeliveryBoyTestCases -->
