<?xml version="1.0" encoding="UTF-8"?>
<!-- Generated by org.testng.reporters.JUnitReportReporter -->
<testsuite hostname="LAPTOP-94M9N0R5" failures="0" tests="1" name="testCases.HomePageSettingsTestCases" time="5.557" errors="0" timestamp="2023-07-23T23:52:14 IST" skipped="0">
  <testcase classname="testCases.HomePageSettingsTestCases" name="verifyHomePageChangePasswordPageText" time="5.557"/>
  <system-out/>
</testsuite> <!-- testCases.HomePageSettingsTestCases -->
