<?xml version="1.0" encoding="UTF-8"?>
<!-- Generated by org.testng.reporters.JUnitReportReporter -->
<testsuite hostname="LAPTOP-94M9N0R5" failures="0" tests="1" name="testCases.ManageDeliveryBoyExampleTestCases" time="9.748" errors="0" timestamp="2023-05-16T12:04:07 IST" skipped="0">
  <testcase classname="testCases.ManageDeliveryBoyExampleTestCases" name="f" time="9.748"/>
  <system-out/>
</testsuite> <!-- testCases.ManageDeliveryBoyExampleTestCases -->
