<?xml version="1.0" encoding="UTF-8"?>
<!-- Generated by org.testng.reporters.JUnitReportReporter -->
<testsuite hostname="LAPTOP-94M9N0R5" failures="0" tests="1" name="testCases.ManageSliderTestCases" time="10.152" errors="0" timestamp="2023-05-24T22:11:08 IST" skipped="0">
  <testcase classname="testCases.ManageSliderTestCases" name="verifyManageSliderAlertMessage" time="10.152"/>
  <system-out/>
</testsuite> <!-- testCases.ManageSliderTestCases -->
