<?xml version="1.0" encoding="UTF-8"?>
<!-- Generated by org.testng.reporters.JUnitReportReporter -->
<testsuite hostname="LAPTOP-94M9N0R5" failures="0" tests="1" name="testCases.MobileSliderTestCases" time="7.669" errors="0" timestamp="2023-05-24T22:11:38 IST" skipped="0">
  <testcase classname="testCases.MobileSliderTestCases" name="verifyAlertMessageAfterFileUpload" time="7.669"/>
  <system-out/>
</testsuite> <!-- testCases.MobileSliderTestCases -->
