<?xml version="1.0" encoding="UTF-8"?>
<!-- Generated by org.testng.reporters.JUnitReportReporter -->
<testsuite hostname="LAPTOP-94M9N0R5" failures="0" tests="3" name="testNgPrograms.ManageGrouping$SampleGrouping" time="0.024" errors="0" timestamp="2023-05-07T16:42:54 IST" skipped="0">
  <testcase classname="testNgPrograms.ManageGrouping$SampleGrouping" name="teseCase4" time="0.011"/>
  <system-out/>
  <testcase classname="testNgPrograms.ManageGrouping$SampleGrouping" name="teseCase5" time="0.001"/>
  <system-out/>
  <testcase classname="testNgPrograms.ManageGrouping$SampleGrouping" name="teseCase2" time="0.012"/>
  <system-out/>
</testsuite> <!-- testNgPrograms.ManageGrouping$SampleGrouping -->
