<?xml version="1.0" encoding="UTF-8"?>
<!-- Generated by org.testng.reporters.JUnitReportReporter -->
<testsuite hostname="LAPTOP-94M9N0R5" failures="0" tests="1" name="testCases.ManageContentTestCases" time="10.342" errors="0" timestamp="2023-05-24T22:18:37 IST" skipped="0">
  <testcase classname="testCases.ManageContentTestCases" name="verifyUpdateAlertMessage" time="10.342"/>
  <system-out/>
</testsuite> <!-- testCases.ManageContentTestCases -->
