<?xml version="1.0" encoding="UTF-8"?>
<!-- Generated by org.testng.reporters.JUnitReportReporter -->
<testsuite hostname="LAPTOP-94M9N0R5" failures="0" tests="1" name="testCases.ManageUsersPrivateTestCases" time="7.097" errors="0" timestamp="2023-05-17T01:16:57 IST" skipped="0">
  <testcase classname="testCases.ManageUsersPrivateTestCases" name="getLoginDetails" time="7.097"/>
  <system-out/>
</testsuite> <!-- testCases.ManageUsersPrivateTestCases -->
