<?xml version="1.0" encoding="UTF-8"?>
<!-- Generated by org.testng.reporters.JUnitReportReporter -->
<testsuite hostname="LAPTOP-94M9N0R5" failures="0" tests="1" name="testNgPrograms.ManageGrouping" time="0.013" errors="0" timestamp="2023-05-07T16:39:44 IST" skipped="0">
  <testcase classname="testNgPrograms.ManageGrouping" name="f" time="0.013"/>
  <system-out/>
</testsuite> <!-- testNgPrograms.ManageGrouping -->
