<?xml version="1.0" encoding="UTF-8"?>
<!-- Generated by org.testng.reporters.JUnitReportReporter -->
<testsuite hostname="LAPTOP-94M9N0R5" failures="0" tests="1" name="testCases.AdminUsersTestCases" time="7.503" errors="0" timestamp="2023-05-24T21:56:29 IST" skipped="0">
  <testcase classname="testCases.AdminUsersTestCases" name="verifyAdminUsersAlertMessage" time="7.503"/>
  <system-out/>
</testsuite> <!-- testCases.AdminUsersTestCases -->
