<?xml version="1.0" encoding="UTF-8"?>
<!-- Generated by org.testng.reporters.JUnitReportReporter -->
<testsuite hostname="LAPTOP-94M9N0R5" failures="0" tests="1" name="testCases.ManageExpenseViewMoreDynamicTableTestCases" time="7.392" errors="0" timestamp="2023-05-16T11:30:36 IST" skipped="0">
  <testcase classname="testCases.ManageExpenseViewMoreDynamicTableTestCases" name="verifyListExpenseTitle" time="7.392"/>
  <system-out/>
</testsuite> <!-- testCases.ManageExpenseViewMoreDynamicTableTestCases -->
