<?xml version="1.0" encoding="UTF-8"?>
<!-- Generated by org.testng.reporters.JUnitReportReporter -->
<testsuite hostname="LAPTOP-94M9N0R5" failures="0" tests="1" name="testCases.ManageContetDetailsTestCases" time="11.568" errors="0" timestamp="2023-05-24T22:00:20 IST" skipped="0">
  <testcase classname="testCases.ManageContetDetailsTestCases" name="verifyManageContetDetailsAlertMessage" time="11.568"/>
  <system-out/>
</testsuite> <!-- testCases.ManageContetDetailsTestCases -->
