<?xml version="1.0" encoding="UTF-8"?>
<!-- Generated by org.testng.reporters.JUnitReportReporter -->
<testsuite hostname="LAPTOP-94M9N0R5" failures="0" tests="1" name="testCases.ManagePaymentMethodsTestCases" time="6.187" errors="0" timestamp="2023-05-24T22:10:03 IST" skipped="0">
  <testcase classname="testCases.ManagePaymentMethodsTestCases" name="verifyActiveToInActiveAlertStatus" time="6.187"/>
  <system-out/>
</testsuite> <!-- testCases.ManagePaymentMethodsTestCases -->
