<?xml version="1.0" encoding="UTF-8"?>
<!-- Generated by org.testng.reporters.JUnitReportReporter -->
<testsuite hostname="LAPTOP-94M9N0R5" failures="0" tests="1" name="testCases.VerifyUsersTestCases" time="6.547" errors="0" timestamp="2023-05-24T22:12:49 IST" skipped="0">
  <testcase classname="testCases.VerifyUsersTestCases" name="verifyUsersIsClickable" time="6.547"/>
  <system-out/>
</testsuite> <!-- testCases.VerifyUsersTestCases -->
