<?xml version="1.0" encoding="UTF-8"?>
<!-- Generated by org.testng.reporters.JUnitReportReporter -->
<testsuite hostname="LAPTOP-94M9N0R5" failures="0" tests="1" name="testCases.LinkdienTestCases" time="8.464" errors="0" timestamp="2023-07-02T17:07:42 IST" skipped="0">
  <testcase classname="testCases.LinkdienTestCases" name="verifyEnterDetails" time="8.464"/>
  <system-out/>
</testsuite> <!-- testCases.LinkdienTestCases -->
