<?xml version="1.0" encoding="UTF-8"?>
<!-- Generated by org.testng.reporters.JUnitReportReporter -->
<testsuite hostname="LAPTOP-94M9N0R5" failures="0" tests="2" name="testCases.ManageOfferCodeTestCase" time="19.660" errors="0" timestamp="2023-05-24T22:09:44 IST" skipped="0">
  <testcase classname="testCases.ManageOfferCodeTestCase" name="verifyManageOrdersChangeDeliveryDateAlertMessage" time="10.245"/>
  <system-out/>
  <testcase classname="testCases.ManageOfferCodeTestCase" name="verifyManageOrdersAssignDeliveryBoyAlertMessage" time="9.415"/>
  <system-out/>
</testsuite> <!-- testCases.ManageOfferCodeTestCase -->
