<?xml version="1.0" encoding="UTF-8"?>
<!-- Generated by org.testng.reporters.JUnitReportReporter -->
<testsuite hostname="LAPTOP-94M9N0R5" failures="0" tests="1" name="testCases.ManageNewsTestCases" time="7.158" errors="0" timestamp="2023-05-24T22:09:11 IST" skipped="0">
  <testcase classname="testCases.ManageNewsTestCases" name="verifyManageNewsAlertMessage" time="7.158"/>
  <system-out/>
</testsuite> <!-- testCases.ManageNewsTestCases -->
