<?xml version="1.0" encoding="UTF-8"?>
<!-- Generated by org.testng.reporters.JUnitReportReporter -->
<testsuite hostname="LAPTOP-94M9N0R5" failures="0" tests="2" name="testCases.LoginTestCase" time="8.557" errors="0" timestamp="2023-05-24T21:58:24 IST" skipped="0">
  <testcase classname="testCases.LoginTestCase" name="verifySucessFullLogin" time="2.340"/>
  <system-out/>
  <testcase classname="testCases.LoginTestCase" name="verifySucessFullLogin" time="6.217"/>
  <system-out/>
</testsuite> <!-- testCases.LoginTestCase -->
