<?xml version="1.0" encoding="UTF-8"?>
<!-- Generated by org.testng.reporters.JUnitReportReporter -->
<testsuite hostname="LAPTOP-94M9N0R5" failures="0" tests="1" name="testCases.ManageExpenseInputAllDetailsTestCases" time="14.293" errors="0" timestamp="2023-05-24T22:01:12 IST" skipped="0">
  <testcase classname="testCases.ManageExpenseInputAllDetailsTestCases" name="verifyAddExpenseAlertMessage" time="14.293"/>
  <system-out/>
</testsuite> <!-- testCases.ManageExpenseInputAllDetailsTestCases -->
