<?xml version="1.0" encoding="UTF-8"?>
<!-- Generated by org.testng.reporters.JUnitReportReporter -->
<testsuite hostname="LAPTOP-94M9N0R5" failures="0" tests="1" name="testCases.ManageExpenseInputAllDetailsTestCases" time="17.004" errors="0" timestamp="2023-08-06T20:08:35 IST" skipped="0">
  <testcase classname="testCases.ManageExpenseInputAllDetailsTestCases" name="verifyAddExpenseAlertMessage" time="17.004"/>
  <system-out/>
</testsuite> <!-- testCases.ManageExpenseInputAllDetailsTestCases -->
