<?xml version="1.0" encoding="UTF-8"?>
<!-- Generated by org.testng.reporters.JUnitReportReporter -->
<testsuite hostname="LAPTOP-94M9N0R5" failures="0" tests="1" name="testCases.SettingsManageMenuTestCases" time="10.341" errors="0" timestamp="2023-05-24T22:12:28 IST" skipped="0">
  <testcase classname="testCases.SettingsManageMenuTestCases" name="verifyMenuManagementAlertMessage" time="10.341"/>
  <system-out/>
</testsuite> <!-- testCases.SettingsManageMenuTestCases -->
