<?xml version="1.0" encoding="UTF-8"?>
<!-- Generated by org.testng.reporters.JUnitReportReporter -->
<testsuite hostname="LAPTOP-94M9N0R5" failures="0" tests="1" name="testCases.ManageUsersTestCase" time="8.308" errors="0" timestamp="2023-05-24T15:54:11 IST" skipped="0">
  <testcase classname="testCases.ManageUsersTestCase" name="verifyManageUserAlertMessage" time="8.308"/>
  <system-out/>
</testsuite> <!-- testCases.ManageUsersTestCase -->
