<?xml version="1.0" encoding="UTF-8"?>
<!-- Generated by org.testng.reporters.JUnitReportReporter -->
<testsuite hostname="LAPTOP-94M9N0R5" failures="0" tests="1" name="testCases.ManageCategoryTestCase" time="13.822" errors="0" timestamp="2023-05-24T22:28:10 IST" skipped="0">
  <testcase classname="testCases.ManageCategoryTestCase" name="verifyAddCategoryAlertMessage" time="13.822"/>
  <system-out/>
</testsuite> <!-- testCases.ManageCategoryTestCase -->
