<?xml version="1.0" encoding="UTF-8"?>
<!-- Generated by org.testng.reporters.JUnitReportReporter -->
<testsuite hostname="LAPTOP-94M9N0R5" failures="0" tests="3" name="testCases.LoginTestCases" time="11.994" errors="0" timestamp="2023-05-24T21:58:52 IST" skipped="0">
  <testcase classname="testCases.LoginTestCases" name="verifyLoginButtonText" time="2.311"/>
  <system-out/>
  <testcase classname="testCases.LoginTestCases" name="verifyLoginBackgroundColor" time="5.650"/>
  <system-out/>
  <testcase classname="testCases.LoginTestCases" name="verifySucessFullLogin" time="4.033"/>
  <system-out/>
</testsuite> <!-- testCases.LoginTestCases -->
