<?xml version="1.0" encoding="UTF-8"?>
<!-- Generated by org.testng.reporters.JUnitReportReporter -->
<testsuite hostname="LAPTOP-94M9N0R5" failures="0" tests="1" name="testCases.LoginPrivateTestCases" time="4.676" errors="0" timestamp="2023-05-24T21:58:01 IST" skipped="0">
  <testcase classname="testCases.LoginPrivateTestCases" name="verifyLoginDetails" time="4.676"/>
  <system-out/>
</testsuite> <!-- testCases.LoginPrivateTestCases -->
