<?xml version="1.0" encoding="UTF-8"?>
<!-- Generated by org.testng.reporters.JUnitReportReporter -->
<testsuite hostname="LAPTOP-94M9N0R5" failures="0" tests="1" name="testCases.PushNotificationsTestCase" time="5.825" errors="0" timestamp="2023-05-24T22:12:02 IST" skipped="0">
  <testcase classname="testCases.PushNotificationsTestCase" name="verifyPushNotificationAlertMessage" time="5.825"/>
  <system-out/>
</testsuite> <!-- testCases.PushNotificationsTestCase -->
