<?xml version="1.0" encoding="UTF-8"?>
<!-- Generated by org.testng.reporters.JUnitReportReporter -->
<testsuite hostname="LAPTOP-94M9N0R5" failures="0" tests="2" name="testCases.ManageProductTestCases" time="42.105" errors="0" timestamp="2023-07-23T23:47:29 IST" skipped="0">
  <testcase classname="testCases.ManageProductTestCases" name="verifyManageProductButtonColor" time="23.774"/>
  <system-out/>
  <testcase classname="testCases.ManageProductTestCases" name="verifyManageProductCategoryAlertMessage" time="18.331"/>
  <system-out/>
</testsuite> <!-- testCases.ManageProductTestCases -->
