<?xml version="1.0" encoding="UTF-8"?>
<!-- Generated by org.testng.reporters.JUnitReportReporter -->
<testsuite hostname="LAPTOP-94M9N0R5" failures="0" tests="2" name="testCases.ManageExpenseDynamicTableTestCases" time="7.455" errors="0" timestamp="2023-05-14T13:17:30 IST" skipped="1">
  <testcase classname="testCases.ManageExpenseDynamicTableTestCases" name="click" time="7.455"/>
  <system-out/>
  <testcase classname="testCases.ManageExpenseDynamicTableTestCases" name="verifyThatEditExpenseCategoryTitleAlert">
    <skipped/>
  </testcase> <!-- verifyThatEditExpenseCategoryTitleAlert -->
  <system-out/>
</testsuite> <!-- testCases.ManageExpenseDynamicTableTestCases -->
